<?xml version="1.0" encoding="UTF-8"?>
<testng-results ignored="0" total="1" passed="1" failed="0" skipped="0">
  <reporter-output>
  </reporter-output>
  <suite started-at="2021-03-29T15:12:47 IST" name="FREE CRM Application Test Automation Smoke Suite" finished-at="2021-03-29T15:13:11 IST" duration-ms="23961">
    <groups>
    </groups>
    <test started-at="2021-03-29T15:12:47 IST" name="Free CRM Application Test Cases" finished-at="2021-03-29T15:13:11 IST" duration-ms="23961">
      <class name="com.crm.qa.TestCases.LoginPageTest">
        <test-method is-config="true" signature="setLog4j()[pri:0, instance:com.crm.qa.TestCases.LoginPageTest@172b013]" started-at="2021-03-29T15:12:47 IST" name="setLog4j" finished-at="2021-03-29T15:12:47 IST" duration-ms="7" status="PASS">
          <reporter-output>
          </reporter-output>
        </test-method> <!-- setLog4j -->
        <test-method is-config="true" signature="setUp()[pri:0, instance:com.crm.qa.TestCases.LoginPageTest@172b013]" started-at="2021-03-29T15:12:47 IST" name="setUp" finished-at="2021-03-29T15:12:59 IST" duration-ms="11326" status="PASS">
          <reporter-output>
          </reporter-output>
        </test-method> <!-- setUp -->
        <test-method signature="VerifyloginTest()[pri:1, instance:com.crm.qa.TestCases.LoginPageTest@172b013]" started-at="2021-03-29T15:12:59 IST" name="VerifyloginTest" finished-at="2021-03-29T15:13:11 IST" duration-ms="11788" status="PASS">
          <reporter-output>
          </reporter-output>
        </test-method> <!-- VerifyloginTest -->
        <test-method is-config="true" signature="tearDown()[pri:0, instance:com.crm.qa.TestCases.LoginPageTest@172b013]" started-at="2021-03-29T15:13:11 IST" name="tearDown" finished-at="2021-03-29T15:13:11 IST" duration-ms="727" status="PASS">
          <reporter-output>
          </reporter-output>
        </test-method> <!-- tearDown -->
        <test-method is-config="true" signature="endReport()[pri:0, instance:com.crm.qa.TestCases.LoginPageTest@172b013]" started-at="2021-03-29T15:13:11 IST" name="endReport" finished-at="2021-03-29T15:13:11 IST" duration-ms="0" status="PASS">
          <reporter-output>
          </reporter-output>
        </test-method> <!-- endReport -->
      </class> <!-- com.crm.qa.TestCases.LoginPageTest -->
    </test> <!-- Free CRM Application Test Cases -->
  </suite> <!-- FREE CRM Application Test Automation Smoke Suite -->
</testng-results>
